<?xml version="1.0" encoding="UTF-8"?>
<!-- Generated by org.testng.reporters.JUnitReportReporter -->
<testsuite hostname="My" failures="0" tests="3" name="fromXML.TestNGEx1" time="0.007" errors="0" timestamp="2023-04-29T14:21:04 IST" skipped="0">
  <testcase classname="fromXML.TestNGEx1" name="login" time="0.000"/>
  <system-out/>
  <testcase classname="fromXML.TestNGEx1" name="open" time="0.000"/>
  <system-out/>
  <testcase classname="fromXML.TestNGEx1" name="close" time="0.007"/>
  <system-out/>
</testsuite> <!-- fromXML.TestNGEx1 -->
